2025-04-17 08:36:33,610 - INFO - Usuário logado: Nathan Almeida (nathan.almeida@liggavc.com.br)
2025-04-17 08:36:34,727 - INFO - Usuário logado: Nathan Almeida (nathan.almeida@liggavc.com.br)
2025-04-17 08:52:59,370 - INFO - Usuário logado: Carlos Eduardo Carvalho Meneguette (carlos.meneguette@liggavc.com.br)
2025-04-17 09:06:07,027 - INFO - Carlos Eduardo Carvalho Meneguette acessou o dashboard
2025-04-17 09:10:05,801 - INFO - Carlos Eduardo Carvalho Meneguette acessou o dashboard
2025-04-17 09:12:17,624 - INFO - Carlos Eduardo Carvalho Meneguette acessou o dashboard
2025-04-17 09:13:41,070 - INFO - Registro criado: Paula Cristina Macena Dos Santos (paula.maceno@ondacom.com) com chave E920857
2025-04-17 09:13:41,137 - INFO - Carlos Eduardo Carvalho Meneguette acessou o dashboard
2025-04-17 09:16:36,635 - INFO - Carlos Eduardo Carvalho Meneguette acessou o dashboard
2025-04-17 09:18:06,577 - INFO - Registro criado: AUGUSTO ARIELO SILVEIRA LINS (augusto7lins@gmail.com) com chave E456125
2025-04-17 09:18:06,654 - INFO - Carlos Eduardo Carvalho Meneguette acessou o dashboard
2025-04-17 09:19:37,435 - INFO - Carlos Eduardo Carvalho Meneguette acessou o dashboard
2025-04-17 09:20:58,935 - INFO - Carlos Eduardo Carvalho Meneguette acessou o dashboard
2025-04-17 09:25:08,065 - INFO - Registro criado: IZABELLE CAROLINE LOZANO GREGIO (Izabelle.gregio@fibertech.inf.br) com chave E723139
2025-04-17 09:25:08,139 - INFO - Carlos Eduardo Carvalho Meneguette acessou o dashboard
2025-04-17 09:26:45,812 - INFO - Registro criado: Lucas Dias de oliveira (1994diaslucas@gmail.com) com chave E385914
2025-04-17 09:26:45,893 - INFO - Carlos Eduardo Carvalho Meneguette acessou o dashboard
2025-04-17 09:28:28,062 - INFO - Registro criado: Valdeir de oliveira (valdeir4.1gmr@gmail.com) com chave E955106
2025-04-17 09:31:21,416 - INFO - Registro criado: ivanir quaresma (ivanirquaresma2@gmail.com) com chave E448075
2025-04-17 09:31:21,555 - INFO - Carlos Eduardo Carvalho Meneguette acessou o dashboard
2025-04-17 09:33:01,471 - INFO - Registro criado: Erick Allan Tsunoda (rebuteco@gmail.com) com chave E650813
2025-04-17 09:33:01,591 - INFO - Carlos Eduardo Carvalho Meneguette acessou o dashboard
2025-04-17 09:34:20,494 - INFO - Registro criado: Jhonatan Kocholik (jhoywillian@gmail.com) com chave E788286
2025-04-17 09:36:03,323 - INFO - Carlos Eduardo Carvalho Meneguette acessou o dashboard
2025-04-17 09:37:42,080 - INFO - Carlos Eduardo Carvalho Meneguette acessou o dashboard
2025-04-17 09:41:05,298 - INFO - Carlos Eduardo Carvalho Meneguette acessou o dashboard
2025-04-17 09:45:56,911 - INFO - Registro criado: Bruno Felipe Nascimento de Souza (brunosouza2008@gmail.com) com chave E409905
2025-04-17 09:47:41,597 - INFO - Carlos Eduardo Carvalho Meneguette acessou o dashboard
2025-04-17 09:50:27,966 - INFO - Registro criado: Juan Fernandes Ribeiro (juan.f.ribeiro@hotmail.com) com chave E789400
2025-04-17 09:52:03,117 - INFO - Carlos Eduardo Carvalho Meneguette acessou o dashboard
2025-04-17 09:52:48,666 - INFO - Carlos Eduardo Carvalho Meneguette acessou o dashboard
2025-04-17 09:52:51,352 - INFO - Carlos Eduardo Carvalho Meneguette acessou o dashboard
2025-04-17 09:53:44,039 - INFO - Registro criado: Adriano dos Santos Ribeiro (ea3400912@gmail.com) com chave E449328
2025-04-17 09:53:44,112 - INFO - Carlos Eduardo Carvalho Meneguette acessou o dashboard
2025-04-17 09:54:16,739 - INFO - Carlos Eduardo Carvalho Meneguette acessou o dashboard
2025-04-17 09:54:19,182 - INFO - Carlos Eduardo Carvalho Meneguette excluiu o registro 6916: Adriano Anginski Fragoso (anginski.fragoso1@gmail.com)
2025-04-17 09:55:09,232 - INFO - Registro criado: Adriano Anginski Fragoso (anginski.fragoso1@gmail.com) com chave E430502
2025-04-17 09:55:46,896 - INFO - Carlos Eduardo Carvalho Meneguette acessou o dashboard
2025-04-17 09:55:49,728 - INFO - Carlos Eduardo Carvalho Meneguette excluiu o registro 6491: PHILIP EDUARD DE SOUZA MOTA (philipmota10@gmail.com)
2025-04-17 09:56:37,947 - INFO - Carlos Eduardo Carvalho Meneguette acessou o dashboard
2025-04-17 09:58:55,171 - INFO - Registro criado: Erick Thomas Dutra (erickthomas911@gmail.com) com chave E688085
2025-04-17 09:58:55,249 - INFO - Carlos Eduardo Carvalho Meneguette acessou o dashboard
2025-04-17 10:00:16,301 - INFO - Carlos Eduardo Carvalho Meneguette acessou o dashboard
2025-04-17 10:01:50,486 - INFO - Carlos Eduardo Carvalho Meneguette acessou o dashboard
2025-04-17 10:03:17,609 - INFO - Registro criado: Richard Brayan (tiotonio123@gmail.com) com chave E439907
2025-04-17 10:03:17,683 - INFO - Carlos Eduardo Carvalho Meneguette acessou o dashboard
2025-04-17 10:03:56,278 - INFO - Carlos Eduardo Carvalho Meneguette acessou o dashboard
2025-04-17 10:04:56,597 - INFO - Carlos Eduardo Carvalho Meneguette acessou o dashboard
2025-04-17 10:06:10,670 - INFO - Carlos Eduardo Carvalho Meneguette acessou o dashboard
2025-04-17 10:07:41,002 - INFO - Registro criado: Gil Vicente Adão (juan.f.ribeiro@hotmail.com) com chave E825838
2025-04-17 10:07:41,128 - INFO - Carlos Eduardo Carvalho Meneguette acessou o dashboard
2025-04-17 10:09:14,646 - INFO - Registro criado: Alexandre Goncalves dos Santos (Jczacarias30@gmail.com) com chave E761560
2025-04-17 10:09:14,728 - INFO - Carlos Eduardo Carvalho Meneguette acessou o dashboard
2025-04-17 10:10:35,202 - INFO - Carlos Eduardo Carvalho Meneguette acessou o dashboard
2025-04-17 10:11:53,982 - INFO - Carlos Eduardo Carvalho Meneguette acessou o dashboard
2025-04-17 10:11:57,643 - INFO - Carlos Eduardo Carvalho Meneguette acessou o dashboard
2025-04-17 10:13:33,828 - INFO - Carlos Eduardo Carvalho Meneguette acessou o dashboard
2025-04-17 10:15:15,409 - INFO - Carlos Eduardo Carvalho Meneguette acessou o dashboard
2025-04-17 10:19:16,094 - INFO - Carlos Eduardo Carvalho Meneguette acessou o dashboard
2025-04-17 10:24:04,544 - INFO - Registro criado: ANTONIO JOSE DE SOUZA PURCINO (antonio157souzapurcino@gmail.com) com chave E487712
2025-04-17 10:24:04,619 - INFO - Carlos Eduardo Carvalho Meneguette acessou o dashboard
2025-04-17 10:27:16,767 - INFO - Carlos Eduardo Carvalho Meneguette excluiu o registro 6470: ROBISSON DA CRUZ DE SOUZA JUNIOR (ROBISSONCRUZJR@GMAIL.COM)
2025-04-17 10:29:01,090 - INFO - Carlos Eduardo Carvalho Meneguette excluiu o registro 6490: MARCELO FABIANO DA SILVA F B JUNIOR (marcelofabiano710@gmail.com)
2025-04-17 10:29:01,162 - INFO - Carlos Eduardo Carvalho Meneguette acessou o dashboard
2025-04-17 10:29:49,554 - INFO - Registro criado: MARCELO FABIANO DA SILVA F B JUNIOR (marcelofabiano710@gmail.com) com chave E166230
2025-04-17 10:30:23,951 - INFO - Carlos Eduardo Carvalho Meneguette acessou o dashboard
2025-04-17 10:31:41,986 - INFO - Carlos Eduardo Carvalho Meneguette excluiu o registro 6459: RICARDO DO ROZARIO DA SILVA (ricardors.sky@gmail.com)
2025-04-17 10:31:42,055 - INFO - Carlos Eduardo Carvalho Meneguette acessou o dashboard
2025-04-17 10:32:42,871 - INFO - Registro criado: RICARDO DO ROZARIO DA SILVA (ricardors.sky@gmail.com) com chave E525652
2025-04-17 10:33:19,630 - INFO - Carlos Eduardo Carvalho Meneguette acessou o dashboard
2025-04-17 10:33:21,860 - INFO - Carlos Eduardo Carvalho Meneguette excluiu o registro 6499: MATHEUS NATAN SIQUEIRA (matheusnatansiqueira@gmail.com)
2025-04-17 10:33:55,714 - INFO - Registro criado: MATHEUS NATAN SIQUEIRA (matheusnatansiqueira@gmail.com) com chave E825299
2025-04-17 10:34:38,150 - INFO - Carlos Eduardo Carvalho Meneguette excluiu o registro 6422: CHRISTOPHER CHRISTIANO SILVA (christopher.csilva26@gmail.com)
2025-04-17 10:35:50,546 - INFO - Carlos Eduardo Carvalho Meneguette excluiu o registro 6469: MARCOS ANTONIO RIBEIRO MARQUES (95675772MARCOS@GMAIL.COM)
2025-04-17 10:35:50,633 - INFO - Carlos Eduardo Carvalho Meneguette acessou o dashboard
2025-04-17 10:37:00,242 - INFO - Carlos Eduardo Carvalho Meneguette excluiu o registro 6483: WENDY WILIAN GOUVEA MENDES (WENDYWLIAN2@GMAIL.COM)
2025-04-17 10:37:32,075 - INFO - Registro criado: WENDY WILIAN GOUVEA MENDES (wendywlian2@gmail.com) com chave E601452
2025-04-17 10:37:32,149 - INFO - Carlos Eduardo Carvalho Meneguette acessou o dashboard
2025-04-17 10:37:57,700 - INFO - Carlos Eduardo Carvalho Meneguette acessou o dashboard
2025-04-17 10:37:59,895 - INFO - Carlos Eduardo Carvalho Meneguette excluiu o registro 6427: JACKSON FORGATI TEIXEIRA (jackson.forgati@gmail.com)
2025-04-17 10:38:42,322 - INFO - Registro criado: JACKSON FORGATI TEIXEIRA (jackson.forgati@gmail.com) com chave E687553
2025-04-17 10:39:16,720 - INFO - Carlos Eduardo Carvalho Meneguette acessou o dashboard
2025-04-17 10:39:59,497 - INFO - Registro criado: WAGNER GABRIEL SIMOES CARDOSO (trabalhowagner0@gmail.com) com chave E616629
2025-04-17 10:40:37,001 - INFO - Carlos Eduardo Carvalho Meneguette acessou o dashboard
2025-04-17 10:41:18,201 - INFO - Registro criado: VAGNER APARECIDO CARDOSO (vagneraparecidoc@gmail.com) com chave E128988
2025-04-17 10:41:48,473 - INFO - Carlos Eduardo Carvalho Meneguette acessou o dashboard
2025-04-17 10:42:43,815 - INFO - Registro criado: EDSON ROBERTO PINTO CASSILHA SOBRINHO (edinho_cassilha@hotmail.com) com chave E935672
2025-04-17 11:25:09,966 - INFO - Carlos Eduardo Carvalho Meneguette acessou o dashboard
2025-04-17 11:25:52,063 - INFO - Carlos Eduardo Carvalho Meneguette acessou o dashboard
2025-04-17 11:26:35,710 - INFO - Carlos Eduardo Carvalho Meneguette acessou o dashboard
2025-04-17 11:27:15,616 - INFO - Carlos Eduardo Carvalho Meneguette acessou o dashboard
2025-04-17 11:28:53,776 - INFO - Carlos Eduardo Carvalho Meneguette acessou o dashboard
2025-04-17 11:29:38,765 - INFO - Carlos Eduardo Carvalho Meneguette acessou o dashboard
2025-04-17 11:31:08,946 - INFO - Carlos Eduardo Carvalho Meneguette acessou o dashboard
2025-04-17 11:33:11,424 - INFO - Carlos Eduardo Carvalho Meneguette acessou o dashboard
2025-04-17 11:33:37,822 - INFO - Carlos Eduardo Carvalho Meneguette acessou o dashboard
2025-04-17 11:34:17,398 - INFO - Carlos Eduardo Carvalho Meneguette acessou o dashboard
2025-04-17 11:35:43,205 - INFO - Carlos Eduardo Carvalho Meneguette acessou o dashboard
2025-04-17 11:38:44,202 - INFO - Carlos Eduardo Carvalho Meneguette acessou o dashboard
2025-04-17 11:39:26,904 - INFO - Carlos Eduardo Carvalho Meneguette acessou o dashboard
2025-04-17 11:40:08,395 - INFO - Carlos Eduardo Carvalho Meneguette acessou o dashboard
2025-04-17 11:41:01,981 - INFO - Carlos Eduardo Carvalho Meneguette acessou o dashboard
2025-04-17 11:43:04,379 - INFO - Carlos Eduardo Carvalho Meneguette acessou o dashboard
2025-04-17 11:43:56,759 - INFO - Carlos Eduardo Carvalho Meneguette acessou o dashboard
2025-04-17 11:44:49,299 - INFO - Carlos Eduardo Carvalho Meneguette acessou o dashboard
2025-04-17 11:46:16,392 - INFO - Carlos Eduardo Carvalho Meneguette acessou o dashboard
2025-04-17 11:48:30,151 - INFO - Carlos Eduardo Carvalho Meneguette acessou o dashboard
2025-04-17 11:49:59,439 - INFO - Carlos Eduardo Carvalho Meneguette acessou o dashboard
2025-04-17 11:51:22,192 - INFO - Carlos Eduardo Carvalho Meneguette acessou o dashboard
2025-04-17 11:52:20,846 - INFO - Carlos Eduardo Carvalho Meneguette acessou o dashboard
2025-04-17 11:52:51,686 - INFO - Carlos Eduardo Carvalho Meneguette acessou o dashboard
2025-04-17 11:54:47,248 - INFO - Carlos Eduardo Carvalho Meneguette acessou o dashboard
2025-04-17 11:55:25,133 - INFO - Carlos Eduardo Carvalho Meneguette acessou o dashboard
2025-04-17 11:56:52,209 - INFO - Carlos Eduardo Carvalho Meneguette acessou o dashboard
2025-04-17 12:02:05,044 - INFO - Carlos Eduardo Carvalho Meneguette acessou o dashboard
2025-04-17 12:03:45,407 - INFO - Registro criado: Lucas Ramom Lopes (almoxpgo@scalar.com.br) com chave E399078
2025-04-17 12:24:35,571 - INFO - Carlos Eduardo Carvalho Meneguette acessou o dashboard
2025-04-17 12:24:40,485 - INFO - Carlos Eduardo Carvalho Meneguette acessou o dashboard
2025-04-17 15:52:18,742 - INFO - Usuário logado: Nathan Almeida (nathan.almeida@liggavc.com.br)
2025-04-17 15:52:19,408 - INFO - Nathan Almeida acessou o dashboard
2025-04-17 15:52:21,268 - INFO - Nathan Almeida acessou o dashboard
2025-04-17 15:52:27,648 - INFO - Nathan Almeida acessou o dashboard
2025-04-17 15:53:36,040 - INFO - Registro criado: JULIO CESAR ALBUQUERQUE DOS SANTOS (julio.albuquerque@teleplus.com.br) com chave E692854
2025-04-17 15:53:42,478 - INFO - Nathan Almeida acessou o dashboard
2025-04-17 15:53:45,713 - INFO - Nathan Almeida acessou o dashboard
2025-04-17 15:53:46,929 - INFO - Nathan Almeida acessou o dashboard
2025-04-17 16:18:26,046 - INFO - Usuário logado: Nathan Almeida (nathan.almeida@liggavc.com.br)
2025-04-17 16:18:26,737 - INFO - Nathan Almeida acessou o dashboard
2025-04-17 16:18:29,654 - INFO - Nathan Almeida acessou o dashboard
2025-04-17 16:19:06,528 - INFO - Registro criado: Paulo Rodrigues Amaral (paulo.amaral@amazonlabs.com.br) com chave E449948
2025-04-17 16:19:07,167 - INFO - Nathan Almeida acessou o dashboard
2025-04-17 16:19:33,533 - INFO - Nathan Almeida acessou o dashboard
2025-04-22 09:45:02,749 - INFO - Usuário logado: Nathan Almeida (nathan.almeida@liggavc.com.br)
2025-04-22 09:45:03,015 - INFO - Nathan Almeida acessou o dashboard
2025-04-22 09:46:08,910 - INFO - Registro criado: Rhayane Fernanda Moreira Borges (rhayane.borges@spro.com.br) com chave E692213
2025-04-22 09:46:09,149 - INFO - Nathan Almeida acessou o dashboard
2025-04-22 10:30:18,885 - INFO - Usuário logado: Newton Cavalcanti Netto (newton.netto@liggavc.com.br)
2025-04-22 10:30:19,056 - INFO - Newton Cavalcanti Netto acessou o dashboard
2025-04-22 10:31:42,803 - INFO - Registro criado: Thiago de Moura Santos (thiaagobjj@gmail.com) com chave E278570
2025-04-22 10:31:42,925 - INFO - Newton Cavalcanti Netto acessou o dashboard
2025-04-22 10:32:45,082 - INFO - Usuário logado: Nathan Almeida (nathan.almeida@liggavc.com.br)
2025-04-22 10:32:45,358 - INFO - Nathan Almeida acessou o dashboard
2025-04-22 10:32:53,942 - INFO - Nathan Almeida acessou o dashboard
2025-04-22 10:32:57,563 - INFO - Nathan Almeida excluiu o registro 7174: LEANDRO APARECIDO CONSTANTINO (leandro.constantino@teleplus.com.br)
2025-04-22 10:32:57,668 - INFO - Nathan Almeida acessou o dashboard
2025-04-22 10:33:50,809 - INFO - Registro criado: Otavio Agostinho Abucarub (abucarub.otavio@gmail.com) com chave E396699
2025-04-22 10:33:50,884 - INFO - Newton Cavalcanti Netto acessou o dashboard
2025-04-22 10:33:56,357 - INFO - Registro criado: LEANDRO APARECIDO CONSTANTINO (leandro.constantino@teleplus.com.br) com chave E497970
2025-04-22 10:33:56,458 - INFO - Nathan Almeida acessou o dashboard
2025-04-22 10:59:41,428 - INFO - Usuário logado: Nathan Almeida (nathan.almeida@liggavc.com.br)
2025-04-22 10:59:41,752 - INFO - Nathan Almeida acessou o dashboard
2025-04-22 10:59:44,394 - INFO - Nathan Almeida acessou o dashboard
2025-04-22 11:00:07,183 - INFO - Nathan Almeida excluiu o registro 7073: LUIZ FELIPE FERNANDES (luizfelipefernandes871@gmail.com)
2025-04-22 11:00:07,259 - INFO - Nathan Almeida acessou o dashboard
2025-04-22 11:00:08,850 - INFO - Usuário desconhecido Deslogado!
2025-04-22 11:00:11,533 - ERROR - Exception on /register [GET]
Traceback (most recent call last):
  File "/opt/keys/KEYS/keys/venv/lib64/python3.6/site-packages/flask/app.py", line 2073, in wsgi_app
    response = self.full_dispatch_request()
  File "/opt/keys/KEYS/keys/venv/lib64/python3.6/site-packages/flask/app.py", line 1518, in full_dispatch_request
    rv = self.handle_user_exception(e)
  File "/opt/keys/KEYS/keys/venv/lib64/python3.6/site-packages/flask/app.py", line 1516, in full_dispatch_request
    rv = self.dispatch_request()
  File "/opt/keys/KEYS/keys/venv/lib64/python3.6/site-packages/flask/app.py", line 1502, in dispatch_request
    return self.ensure_sync(self.view_functions[rule.endpoint])(**req.view_args)
  File "/opt/keys/KEYS/keys/app.py", line 369, in register
    return render_template('register.html')
  File "/opt/keys/KEYS/keys/venv/lib64/python3.6/site-packages/flask/templating.py", line 150, in render_template
    ctx.app,
  File "/opt/keys/KEYS/keys/venv/lib64/python3.6/site-packages/flask/templating.py", line 128, in _render
    rv = template.render(context)
  File "/opt/keys/KEYS/keys/venv/lib64/python3.6/site-packages/jinja2/environment.py", line 1291, in render
    self.environment.handle_exception()
  File "/opt/keys/KEYS/keys/venv/lib64/python3.6/site-packages/jinja2/environment.py", line 925, in handle_exception
    raise rewrite_traceback_stack(source=source)
  File "/opt/keys/KEYS/keys/templates/register.html", line 14, in top-level template code
    {% extends 'layout.html' %}
  File "/opt/keys/KEYS/keys/templates/layout.html", line 50, in top-level template code
    Tempo logado: {{ ((datetime.now(timezone.utc) - session['login_time']).seconds // 60) }} minutos <!-- Tempo de login -->
jinja2.exceptions.UndefinedError: 'flask.sessions.SecureCookieSession object' has no attribute 'login_time'
2025-04-22 11:00:13,645 - ERROR - Exception on /register [GET]
Traceback (most recent call last):
  File "/opt/keys/KEYS/keys/venv/lib64/python3.6/site-packages/flask/app.py", line 2073, in wsgi_app
    response = self.full_dispatch_request()
  File "/opt/keys/KEYS/keys/venv/lib64/python3.6/site-packages/flask/app.py", line 1518, in full_dispatch_request
    rv = self.handle_user_exception(e)
  File "/opt/keys/KEYS/keys/venv/lib64/python3.6/site-packages/flask/app.py", line 1516, in full_dispatch_request
    rv = self.dispatch_request()
  File "/opt/keys/KEYS/keys/venv/lib64/python3.6/site-packages/flask/app.py", line 1502, in dispatch_request
    return self.ensure_sync(self.view_functions[rule.endpoint])(**req.view_args)
  File "/opt/keys/KEYS/keys/app.py", line 369, in register
    return render_template('register.html')
  File "/opt/keys/KEYS/keys/venv/lib64/python3.6/site-packages/flask/templating.py", line 150, in render_template
    ctx.app,
  File "/opt/keys/KEYS/keys/venv/lib64/python3.6/site-packages/flask/templating.py", line 128, in _render
    rv = template.render(context)
  File "/opt/keys/KEYS/keys/venv/lib64/python3.6/site-packages/jinja2/environment.py", line 1291, in render
    self.environment.handle_exception()
  File "/opt/keys/KEYS/keys/venv/lib64/python3.6/site-packages/jinja2/environment.py", line 925, in handle_exception
    raise rewrite_traceback_stack(source=source)
  File "/opt/keys/KEYS/keys/templates/register.html", line 14, in top-level template code
    {% extends 'layout.html' %}
  File "/opt/keys/KEYS/keys/templates/layout.html", line 50, in top-level template code
    Tempo logado: {{ ((datetime.now(timezone.utc) - session['login_time']).seconds // 60) }} minutos <!-- Tempo de login -->
jinja2.exceptions.UndefinedError: 'flask.sessions.SecureCookieSession object' has no attribute 'login_time'
2025-04-22 11:00:15,121 - INFO - Usuário desconhecido Deslogado!
2025-04-22 11:00:17,039 - INFO - Usuário logado: Nathan Almeida (nathan.almeida@liggavc.com.br)
2025-04-22 11:00:17,304 - INFO - Nathan Almeida acessou o dashboard
2025-04-22 11:01:00,633 - INFO - Registro criado: LUIZ FELPIE FERNANDES (luizfelizfernandes871@gmail.com) com chave E417738
2025-04-22 11:01:01,049 - INFO - Nathan Almeida acessou o dashboard
2025-04-22 11:19:00,861 - INFO - Registro criado: Manoel Tiago dos Anjos Ferreira (anjostiago85@gmail.com) com chave E931897
2025-04-22 11:19:00,938 - INFO - Newton Cavalcanti Netto acessou o dashboard
2025-04-22 11:21:00,123 - INFO - Newton Cavalcanti Netto acessou o dashboard
2025-04-22 11:21:02,599 - INFO - Newton Cavalcanti Netto acessou o dashboard
2025-04-22 13:03:13,368 - INFO - Registro criado: Marco Antonio Campos (marcoantoniocampos97@gmail.com) com chave E915910
2025-04-22 13:03:13,492 - INFO - Newton Cavalcanti Netto acessou o dashboard
2025-04-22 13:05:59,414 - INFO - Usuário logado: Newton Cavalcanti Netto (newton.netto@liggavc.com.br)
2025-04-22 13:05:59,574 - INFO - Newton Cavalcanti Netto acessou o dashboard
2025-04-22 13:07:37,801 - INFO - Registro criado: Alandecir Jose Rodrigues (alandecirjoserodrigues6@gmail.com) com chave E971548
2025-04-22 13:07:37,916 - INFO - Newton Cavalcanti Netto acessou o dashboard
2025-04-22 13:20:49,238 - INFO - Usuário logado: Nathan Almeida (nathan.almeida@liggavc.com.br)
2025-04-22 13:20:49,586 - INFO - Nathan Almeida acessou o dashboard
2025-04-22 13:20:51,935 - INFO - Nathan Almeida acessou o dashboard
2025-04-22 13:21:02,105 - INFO - Nathan Almeida acessou o dashboard
2025-04-22 13:21:02,580 - INFO - Nathan Almeida acessou o dashboard
2025-04-22 13:21:03,091 - INFO - Nathan Almeida acessou o dashboard
2025-04-22 13:21:03,922 - INFO - Nathan Almeida acessou o dashboard
2025-04-22 13:21:54,666 - INFO - Nathan Almeida acessou o dashboard
2025-04-22 13:21:58,068 - INFO - Nathan Almeida acessou o dashboard
2025-04-22 14:26:09,903 - INFO - Usuário logado: Newton Cavalcanti Netto (newton.netto@liggavc.com.br)
2025-04-22 14:26:10,070 - INFO - Newton Cavalcanti Netto acessou o dashboard
2025-04-22 14:27:50,181 - INFO - Registro criado: Isabel Camila Vanssan Leite (camilavanssan@gmail.com) com chave E431486
2025-04-22 14:27:50,348 - INFO - Newton Cavalcanti Netto acessou o dashboard
2025-04-22 15:42:38,646 - INFO - Nathan Almeida acessou o dashboard
2025-04-22 15:42:39,827 - INFO - Nathan Almeida acessou o dashboard
2025-04-22 15:42:40,904 - INFO - Nathan Almeida acessou o dashboard
2025-04-22 15:42:41,159 - INFO - Nathan Almeida acessou o dashboard
2025-04-22 15:42:41,397 - INFO - Nathan Almeida acessou o dashboard
2025-04-22 15:42:42,024 - INFO - Nathan Almeida acessou o dashboard
2025-04-22 15:51:42,075 - INFO - Usuário logado: Nathan Almeida (nathan.almeida@liggavc.com.br)
2025-04-22 15:51:42,355 - INFO - Nathan Almeida acessou o dashboard
2025-04-22 15:51:48,520 - INFO - Nathan Almeida acessou o dashboard
2025-04-22 15:52:06,906 - INFO - Nathan Almeida excluiu o registro 7142: Alan Fernande Pedrollo (alanfernande@yahoo.com.br)
2025-04-22 15:52:06,995 - INFO - Nathan Almeida acessou o dashboard
2025-04-22 15:52:48,823 - INFO - Registro criado: Alan Fernande Pedrollo (alanfernande@yahoo.com.br) com chave E351036
2025-04-22 15:52:49,038 - INFO - Nathan Almeida acessou o dashboard
2025-04-22 15:53:17,658 - INFO - Nathan Almeida acessou o dashboard
2025-04-22 15:53:20,757 - INFO - Nathan Almeida excluiu o registro 7143: ADEMIR DEI TOS FILHO (ADEMIRDEITOS@HOTMAIL.COM)
2025-04-22 15:53:20,886 - INFO - Nathan Almeida acessou o dashboard
2025-04-22 15:54:16,648 - INFO - Registro criado: ADEMIR DEI TOS FILHO (ADEMIRDEITOS@HOTMAIL.COM) com chave E773650
2025-04-22 15:54:16,917 - INFO - Nathan Almeida acessou o dashboard
2025-04-22 15:54:44,712 - INFO - Nathan Almeida acessou o dashboard
2025-04-22 15:56:56,052 - INFO - Nathan Almeida acessou o dashboard
2025-04-22 15:57:13,476 - INFO - Nathan Almeida excluiu o registro 7206: Allan Cristian Barreiros (allancristiansnt@gmail.com)
2025-04-22 15:57:13,552 - INFO - Nathan Almeida acessou o dashboard
2025-04-22 16:02:05,453 - INFO - Registro criado: Allan Cristian Barreiros (allancristiansnt@gmail.com) com chave E463799
2025-04-22 16:02:05,571 - INFO - Nathan Almeida acessou o dashboard
2025-04-22 16:03:40,965 - INFO - Usuário logado: Newton Cavalcanti Netto (newton.netto@liggavc.com.br)
2025-04-22 16:03:41,121 - INFO - Newton Cavalcanti Netto acessou o dashboard
2025-04-22 16:05:50,765 - INFO - Registro criado: Jessica Fernanda Massalli Carvalho (jessica.massalli@ondacom.com) com chave E782642
2025-04-22 16:05:50,892 - INFO - Newton Cavalcanti Netto acessou o dashboard
2025-04-22 16:09:10,301 - INFO - Registro criado: Amanda Marilia dos Santos (amanda.santos@ondacom.com) com chave E563806
2025-04-22 16:09:10,415 - INFO - Newton Cavalcanti Netto acessou o dashboard
2025-04-22 16:15:56,455 - INFO - Usuário logado: Nathan Almeida (nathan.almeida@liggavc.com.br)
2025-04-22 16:15:56,781 - INFO - Nathan Almeida acessou o dashboard
2025-04-22 16:16:52,282 - INFO - Registro criado: Igor de souza Hadas (Igor.hadas@spro.com.br) com chave E435407
2025-04-22 16:16:52,530 - INFO - Nathan Almeida acessou o dashboard
2025-04-22 16:17:18,423 - INFO - Nathan Almeida acessou o dashboard
2025-04-22 16:17:22,991 - INFO - Nathan Almeida acessou o dashboard
2025-04-22 16:17:25,428 - INFO - Nathan Almeida acessou o dashboard
2025-04-22 16:21:24,109 - INFO - Nathan Almeida acessou o dashboard
2025-04-22 16:21:34,448 - INFO - Nathan Almeida acessou o dashboard
2025-04-22 16:26:07,173 - INFO - Nathan Almeida acessou o dashboard
2025-04-22 16:26:07,476 - INFO - Nathan Almeida acessou o dashboard
2025-04-22 16:26:07,727 - INFO - Nathan Almeida acessou o dashboard
2025-04-22 17:40:54,928 - INFO - Usuário logado: Adilson Branco Junior (adilson.junior@liggavc.com.br)
2025-04-22 17:40:55,006 - INFO - Adilson Branco Junior acessou o dashboard
2025-04-22 17:41:03,580 - INFO - Adilson Branco Junior acessou o dashboard
2025-04-22 17:42:34,680 - INFO - Registro criado: EDUARDO DE OLIVEIRA JOANICO (edu.joanico1986@hotmail.com) com chave E714333
2025-04-22 17:42:34,761 - INFO - Adilson Branco Junior acessou o dashboard
2025-04-22 17:45:11,392 - INFO - Registro criado: FABIO KRIEGER DA SILVA MIRAS (fabiokrieger01@gmail.com) com chave E597427
2025-04-22 17:45:11,485 - INFO - Adilson Branco Junior acessou o dashboard
2025-04-22 17:49:13,177 - INFO - Registro criado: Jorge Fagundes (jorge.fagundes@bwisecontabilidade.com) com chave E441963
2025-04-22 17:49:13,299 - INFO - Adilson Branco Junior acessou o dashboard
2025-04-22 17:57:43,504 - INFO - Usuário logado: Adilson Branco Junior (adilson.junior@liggavc.com.br)
2025-04-22 17:57:43,578 - INFO - Adilson Branco Junior acessou o dashboard
2025-04-22 17:59:03,086 - INFO - Adilson Branco Junior acessou o dashboard
2025-04-22 17:59:06,009 - INFO - Adilson Branco Junior acessou o dashboard
2025-04-22 18:00:00,696 - INFO - Registro criado: MARCELO HENRIQUES JUNIOR (marcelohenriquesjunior10@gmail.com) com chave F687282
2025-04-22 18:00:00,768 - INFO - Adilson Branco Junior acessou o dashboard
2025-04-23 07:57:55,886 - INFO - Usuário logado: Adilson Branco Junior (adilson.junior@liggavc.com.br)
2025-04-23 07:57:56,013 - INFO - Adilson Branco Junior acessou o dashboard
2025-04-23 07:58:57,487 - INFO - Adilson Branco Junior acessou o dashboard
2025-04-23 07:59:06,880 - INFO - Adilson Branco Junior acessou o dashboard
2025-04-23 07:59:30,650 - INFO - Adilson Branco Junior acessou o dashboard
2025-04-23 07:59:34,554 - INFO - Adilson Branco Junior acessou o dashboard
2025-04-23 07:59:41,825 - INFO - Adilson Branco Junior excluiu o registro 7255: MARCELO HENRIQUES JUNIOR (marcelohenriquesjunior10@gmail.com)
2025-04-23 07:59:41,895 - INFO - Adilson Branco Junior acessou o dashboard
2025-04-23 07:59:45,193 - INFO - Adilson Branco Junior acessou o dashboard
2025-04-23 07:59:49,320 - INFO - Adilson Branco Junior excluiu o registro 6555: MARCELO HENRIQUES JUNIOR (marcelohenriquesjunior10@gmail.com)
2025-04-23 07:59:49,415 - INFO - Adilson Branco Junior acessou o dashboard
2025-04-23 08:02:04,005 - INFO - Registro criado: MARCELO HENRIQUES JUNIOR (marcelohenriquesjunior10@gmail.com) com chave E606942
2025-04-23 08:02:04,093 - INFO - Adilson Branco Junior acessou o dashboard
2025-04-23 08:39:22,104 - INFO - Usuário logado: Carlos Eduardo Carvalho Meneguette (carlos.meneguette@liggavc.com.br)
2025-04-23 08:39:22,175 - INFO - Carlos Eduardo Carvalho Meneguette acessou o dashboard
2025-04-23 08:39:32,974 - INFO - Carlos Eduardo Carvalho Meneguette acessou o dashboard
2025-04-23 08:40:10,843 - INFO - Carlos Eduardo Carvalho Meneguette acessou o dashboard
2025-04-23 08:42:07,631 - INFO - Carlos Eduardo Carvalho Meneguette acessou o dashboard
2025-04-23 08:43:13,342 - INFO - Carlos Eduardo Carvalho Meneguette acessou o dashboard
2025-04-23 08:44:30,644 - INFO - Carlos Eduardo Carvalho Meneguette excluiu o registro 7222: ROBISSON DA CRUZ DE SOUZA JUNIOR (robissoncruzjr@gmail.com)
2025-04-23 08:44:30,712 - INFO - Carlos Eduardo Carvalho Meneguette acessou o dashboard
2025-04-23 08:45:54,419 - INFO - Registro criado: ROBISSON DA CRUZ DE SOUZA JUNIOR (robissoncruzjr@gmail.com) com chave E740169
2025-04-23 08:45:54,502 - INFO - Carlos Eduardo Carvalho Meneguette acessou o dashboard
2025-04-23 08:46:11,601 - INFO - Carlos Eduardo Carvalho Meneguette acessou o dashboard
2025-04-23 09:34:33,917 - INFO - Usuário logado: Newton Cavalcanti Netto (newton.netto@liggavc.com.br)
2025-04-23 09:34:34,047 - INFO - Newton Cavalcanti Netto acessou o dashboard
2025-04-23 09:35:53,064 - INFO - Registro criado: Hernnany Fantinelli (hernnany.fantinelli@teleplus.com.br) com chave E609831
2025-04-23 09:35:53,192 - INFO - Newton Cavalcanti Netto acessou o dashboard
2025-04-23 09:38:04,179 - INFO - Registro criado: Marco Aurelio Silva Teixeira (marco.teixeira@teleplus.com.br) com chave E973371
2025-04-23 09:38:04,315 - INFO - Newton Cavalcanti Netto acessou o dashboard
2025-04-23 10:50:40,569 - INFO - Usuário logado: Administrador (admin@keys.com)
2025-04-23 10:50:40,752 - INFO - Administrador acessou o dashboard
2025-04-23 11:09:56,118 - INFO - Usuário logado: Carlos Eduardo Carvalho Meneguette (carlos.meneguette@liggavc.com.br)
2025-04-23 11:09:56,520 - INFO - Carlos Eduardo Carvalho Meneguette acessou o dashboard
